<?xml version="1.0" encoding="UTF-8"?>
<testsuite name="com.sriharilabs.ConversionTest" tests="5" skipped="0" failures="0" errors="0" timestamp="2019-04-15T08:50:18" hostname="DESKTOP-JSRJEES" time="0.009">
  <properties/>
  <testcase name="shouldApplyConversionsForReverseMapping" classname="com.sriharilabs.ConversionTest" time="0.006"/>
  <testcase name="shouldApplyConversionsToMappedPropertiesForReverseMapping" classname="com.sriharilabs.ConversionTest" time="0.0"/>
  <testcase name="shouldApplyConversions" classname="com.sriharilabs.ConversionTest" time="0.003"/>
  <testcase name="shouldHandleNulls" classname="com.sriharilabs.ConversionTest" time="0.0"/>
  <testcase name="shouldApplyConversionsToMappedProperties" classname="com.sriharilabs.ConversionTest" time="0.0"/>
  <system-out><![CDATA[0
]]></system-out>
  <system-err><![CDATA[]]></system-err>
</testsuite>
